<?xml version="1.0" encoding="UTF-8"?>
<testsuite xmlns:xsi="http://www.w3.org/2001/XMLSchema-instance" xsi:noNamespaceSchemaLocation="https://maven.apache.org/surefire/maven-surefire-plugin/xsd/surefire-test-report.xsd" name="server.AppTest" time="0.087" tests="1" errors="0" skipped="0" failures="0">
  <properties>
    <property name="java.specification.version" value="20"/>
    <property name="sun.cpu.isalist" value="amd64"/>
    <property name="sun.jnu.encoding" value="Cp1252"/>
    <property name="java.class.path" value="C:\Users\godjo\OneDrive\Documents\GitHub\IFT1025-TP2-server\target\test-classes;C:\Users\godjo\OneDrive\Documents\GitHub\IFT1025-TP2-server\target\classes;C:\Users\godjo\.m2\repository\junit\junit\4.11\junit-4.11.jar;C:\Users\godjo\.m2\repository\org\hamcrest\hamcrest-core\1.3\hamcrest-core-1.3.jar;C:\Users\godjo\.m2\repository\org\openjfx\javafx-fxml\13\javafx-fxml-13.jar;C:\Users\godjo\.m2\repository\org\openjfx\javafx-fxml\13\javafx-fxml-13-win.jar;C:\Users\godjo\.m2\repository\org\openjfx\javafx-controls\13\javafx-controls-13.jar;C:\Users\godjo\.m2\repository\org\openjfx\javafx-controls\13\javafx-controls-13-win.jar;C:\Users\godjo\.m2\repository\org\openjfx\javafx-graphics\13\javafx-graphics-13.jar;C:\Users\godjo\.m2\repository\org\openjfx\javafx-graphics\13\javafx-graphics-13-win.jar;C:\Users\godjo\.m2\repository\org\openjfx\javafx-base\13\javafx-base-13.jar;C:\Users\godjo\.m2\repository\org\openjfx\javafx-base\13\javafx-base-13-win.jar;"/>
    <property name="java.vm.vendor" value="Oracle Corporation"/>
    <property name="sun.arch.data.model" value="64"/>
    <property name="user.variant" value=""/>
    <property name="java.vendor.url" value="https://java.oracle.com/"/>
    <property name="user.timezone" value="America/Toronto"/>
    <property name="os.name" value="Windows 11"/>
    <property name="java.vm.specification.version" value="20"/>
    <property name="sun.java.launcher" value="SUN_STANDARD"/>
    <property name="user.country" value="CA"/>
    <property name="sun.boot.library.path" value="C:\Users\godjo\.jdks\openjdk-20\bin"/>
    <property name="sun.java.command" value="C:\Users\godjo\AppData\Local\Temp\surefire6867194564527579848\surefirebooter18045573954553919879.jar C:\Users\godjo\AppData\Local\Temp\surefire6867194564527579848 2023-04-13T00-56-15_932-jvmRun1 surefire5668587067430517022tmp surefire_07596326631698426046tmp"/>
    <property name="jdk.debug" value="release"/>
    <property name="surefire.test.class.path" value="C:\Users\godjo\OneDrive\Documents\GitHub\IFT1025-TP2-server\target\test-classes;C:\Users\godjo\OneDrive\Documents\GitHub\IFT1025-TP2-server\target\classes;C:\Users\godjo\.m2\repository\junit\junit\4.11\junit-4.11.jar;C:\Users\godjo\.m2\repository\org\hamcrest\hamcrest-core\1.3\hamcrest-core-1.3.jar;C:\Users\godjo\.m2\repository\org\openjfx\javafx-fxml\13\javafx-fxml-13.jar;C:\Users\godjo\.m2\repository\org\openjfx\javafx-fxml\13\javafx-fxml-13-win.jar;C:\Users\godjo\.m2\repository\org\openjfx\javafx-controls\13\javafx-controls-13.jar;C:\Users\godjo\.m2\repository\org\openjfx\javafx-controls\13\javafx-controls-13-win.jar;C:\Users\godjo\.m2\repository\org\openjfx\javafx-graphics\13\javafx-graphics-13.jar;C:\Users\godjo\.m2\repository\org\openjfx\javafx-graphics\13\javafx-graphics-13-win.jar;C:\Users\godjo\.m2\repository\org\openjfx\javafx-base\13\javafx-base-13.jar;C:\Users\godjo\.m2\repository\org\openjfx\javafx-base\13\javafx-base-13-win.jar;"/>
    <property name="sun.cpu.endian" value="little"/>
    <property name="user.home" value="C:\Users\godjo"/>
    <property name="user.language" value="en"/>
    <property name="java.specification.vendor" value="Oracle Corporation"/>
    <property name="java.version.date" value="2023-03-21"/>
    <property name="java.home" value="C:\Users\godjo\.jdks\openjdk-20"/>
    <property name="file.separator" value="\"/>
    <property name="basedir" value="C:\Users\godjo\OneDrive\Documents\GitHub\IFT1025-TP2-server"/>
    <property name="java.vm.compressedOopsMode" value="Zero based"/>
    <property name="line.separator" value="&#10;"/>
    <property name="java.vm.specification.vendor" value="Oracle Corporation"/>
    <property name="java.specification.name" value="Java Platform API Specification"/>
    <property name="surefire.real.class.path" value="C:\Users\godjo\AppData\Local\Temp\surefire6867194564527579848\surefirebooter18045573954553919879.jar"/>
    <property name="user.script" value=""/>
    <property name="sun.management.compiler" value="HotSpot 64-Bit Tiered Compilers"/>
    <property name="java.runtime.version" value="20+36-2344"/>
    <property name="user.name" value="godjo"/>
    <property name="stdout.encoding" value="Cp1252"/>
    <property name="path.separator" value=";"/>
    <property name="os.version" value="10.0"/>
    <property name="java.runtime.name" value="OpenJDK Runtime Environment"/>
    <property name="file.encoding" value="UTF-8"/>
    <property name="java.vm.name" value="OpenJDK 64-Bit Server VM"/>
    <property name="localRepository" value="C:\Users\godjo\.m2\repository"/>
    <property name="java.vendor.url.bug" value="https://bugreport.java.com/bugreport/"/>
    <property name="java.io.tmpdir" value="C:\Users\godjo\AppData\Local\Temp\"/>
    <property name="idea.version" value="2022.3.1"/>
    <property name="java.version" value="20"/>
    <property name="user.dir" value="C:\Users\godjo\OneDrive\Documents\GitHub\IFT1025-TP2-server"/>
    <property name="os.arch" value="amd64"/>
    <property name="java.vm.specification.name" value="Java Virtual Machine Specification"/>
    <property name="sun.os.patch.level" value=""/>
    <property name="native.encoding" value="Cp1252"/>
    <property name="java.library.path" value="C:\Users\godjo\.jdks\openjdk-20\bin;C:\WINDOWS\Sun\Java\bin;C:\WINDOWS\system32;C:\WINDOWS;C:\windows\system32;C:\windows;C:\windows\System32\Wbem;C:\windows\System32\WindowsPowerShell\v1.0\;C:\windows\System32\OpenSSH\;C:\Program Files (x86)\NVIDIA Corporation\PhysX\Common;C:\WINDOWS\system32;C:\WINDOWS;C:\WINDOWS\System32\Wbem;C:\WINDOWS\System32\WindowsPowerShell\v1.0\;C:\WINDOWS\System32\OpenSSH\;C:\Program Files\NVIDIA Corporation\NVIDIA NvDLISR;C:\Program Files\nodejs\;C:\Users\godjo\.jdks\corretto-18.0.2\bin;."/>
    <property name="java.vm.info" value="mixed mode, sharing"/>
    <property name="stderr.encoding" value="Cp1252"/>
    <property name="java.vendor" value="Oracle Corporation"/>
    <property name="java.vm.version" value="20+36-2344"/>
    <property name="sun.io.unicode.encoding" value="UnicodeLittle"/>
    <property name="java.class.version" value="64.0"/>
  </properties>
  <testcase name="shouldAnswerWithTrue" classname="server.AppTest" time="0.016"/>
</testsuite>